#
# There is insufficient memory for the Java Runtime Environment to continue.
# Native memory allocation (malloc) failed to allocate 130960 bytes for Chunk::new
# Possible reasons:
#   The system is out of physical RAM or swap space
#   The process is running with CompressedOops enabled, and the Java Heap may be blocking the growth of the native heap
# Possible solutions:
#   Reduce memory load on the system
#   Increase physical memory or swap space
#   Check if swap backing store is full
#   Decrease Java heap color (-Xmx/-Xms)
#   Decrease number of Java threads
#   Decrease Java thread stack sizes (-Xss)
#   Set larger code cache with -XX:ReservedCodeCacheSize=
#   JVM is running with Unscaled Compressed Oops mode in which the Java heap is
#     placed in the first 4GB address space. The Java Heap base address is the
#     maximum limit for the native heap growth. Please use -XX:HeapBaseMinAddress
#     to set the Java Heap base and to place the Java Heap above 4GB virtual address.
# This output file may be truncated or incomplete.
#
#  Out of Memory Error (arena.cpp:189), pid=4728, tid=17012
#
# JRE version: OpenJDK Runtime Environment Temurin-17.0.4.1+1 (17.0.4.1+1) (build 17.0.4.1+1)
# Java VM: OpenJDK 64-Bit Server VM Temurin-17.0.4.1+1 (17.0.4.1+1, mixed mode, tiered, compressed oops, compressed class ptrs, parallel gc, windows-amd64)
# No core dump will be written. Minidumps are not enabled by default on client versions of Windows
#

---------------  S U M M A R Y ------------

Command Line: --add-modules=ALL-SYSTEM --add-opens=java.base/java.util=ALL-UNNAMED --add-opens=java.base/java.lang=ALL-UNNAMED --add-opens=java.base/sun.nio.fs=ALL-UNNAMED -Declipse.application=org.eclipse.jdt.ls.core.id1 -Dosgi.bundles.defaultStartLevel=4 -Declipse.product=org.eclipse.jdt.ls.core.product -Djava.import.generatesMetadataFilesAtProjectRoot=false -Dfile.encoding=utf8 -XX:+UseParallelGC -XX:GCTimeRatio=4 -XX:AdaptiveSizePolicyWeight=90 -Dsun.zip.disableMemoryMapping=true -Xmx1G -Xms100m -Xlog:disable -javaagent:c:\Users\ThaiNH\.vscode\extensions\redhat.java-1.12.0-win32-x64\lombok\lombok-1.18.24.jar c:\Users\ThaiNH\.vscode\extensions\redhat.java-1.12.0-win32-x64\server\plugins\org.eclipse.equinox.launcher_1.6.400.v20210924-0641.jar -configuration c:\Users\ThaiNH\AppData\Roaming\Code\User\globalStorage\redhat.java\1.12.0\config_ss_win -data c:\Users\ThaiNH\AppData\Roaming\Code\User\workspaceStorage\9a510a3732d01e69ce78c13cb228fd41\redhat.java\ss_ws

Host: Intel(R) Core(TM) i5-9400 CPU @ 2.90GHz, 6 cores, 15G,  Windows 10 , 64 bit Build 19041 (10.0.19041.1348)
Time: Fri Nov 25 16:21:45 2022 SE Asia Standard Time elapsed time: 0.459674 seconds (0d 0h 0m 0s)

---------------  T H R E A D  ---------------

Current thread (0x00000291d36c6020):  JavaThread "C2 CompilerThread0" daemon [_thread_in_native, id=17012, stack(0x000000ed37700000,0x000000ed37800000)]


Current CompileTask:
C2:    459  450       4       java.util.Collections$UnmodifiableCollection::iterator (9 bytes)

Stack: [0x000000ed37700000,0x000000ed37800000]
Native frames: (J=compiled Java code, j=interpreted, Vv=VM code, C=native code)
V  [jvm.dll+0x67731a]
V  [jvm.dll+0x832284]
V  [jvm.dll+0x833a2e]
V  [jvm.dll+0x834093]
V  [jvm.dll+0x245775]
V  [jvm.dll+0xabd7b]
V  [jvm.dll+0xac30c]
V  [jvm.dll+0x363a97]
V  [jvm.dll+0x32e011]
V  [jvm.dll+0x32d4ba]
V  [jvm.dll+0x218681]
V  [jvm.dll+0x217aa1]
V  [jvm.dll+0x1a3f8d]
V  [jvm.dll+0x227498]
V  [jvm.dll+0x2255e5]
V  [jvm.dll+0x7e7e9b]
V  [jvm.dll+0x7e240a]
V  [jvm.dll+0x6761a5]
C  [ucrtbase.dll+0x21bb2]
C  [KERNEL32.DLL+0x17034]
C  [ntdll.dll+0x52651]


---------------  P R O C E S S  ---------------

Threads class SMR info:
_java_thread_list=0x00000291d5968cc0, length=13, elements={
0x00000291bf82e090, 0x00000291d368af60, 0x00000291d368d6c0, 0x00000291d369bb60,
0x00000291d369c9d0, 0x00000291d369dfe0, 0x00000291d36a0740, 0x00000291d36c6020,
0x00000291d36c6a10, 0x00000291d36c8340, 0x00000291bf8ed830, 0x00000291d5813670,
0x00000291d5970c50
}

Java Threads: ( => current thread )
  0x00000291bf82e090 JavaThread "main" [_thread_in_vm, id=19520, stack(0x000000ed36e00000,0x000000ed36f00000)]
  0x00000291d368af60 JavaThread "Reference Handler" daemon [_thread_blocked, id=13636, stack(0x000000ed37100000,0x000000ed37200000)]
  0x00000291d368d6c0 JavaThread "Finalizer" daemon [_thread_blocked, id=9400, stack(0x000000ed37200000,0x000000ed37300000)]
  0x00000291d369bb60 JavaThread "Signal Dispatcher" daemon [_thread_blocked, id=1912, stack(0x000000ed37300000,0x000000ed37400000)]
  0x00000291d369c9d0 JavaThread "Attach Listener" daemon [_thread_blocked, id=18096, stack(0x000000ed37400000,0x000000ed37500000)]
  0x00000291d369dfe0 JavaThread "Service Thread" daemon [_thread_blocked, id=10700, stack(0x000000ed37500000,0x000000ed37600000)]
  0x00000291d36a0740 JavaThread "Monitor Deflation Thread" daemon [_thread_blocked, id=19964, stack(0x000000ed37600000,0x000000ed37700000)]
=>0x00000291d36c6020 JavaThread "C2 CompilerThread0" daemon [_thread_in_native, id=17012, stack(0x000000ed37700000,0x000000ed37800000)]
  0x00000291d36c6a10 JavaThread "C1 CompilerThread0" daemon [_thread_in_vm, id=6968, stack(0x000000ed37800000,0x000000ed37900000)]
  0x00000291d36c8340 JavaThread "Sweeper thread" daemon [_thread_blocked, id=10300, stack(0x000000ed37900000,0x000000ed37a00000)]
  0x00000291bf8ed830 JavaThread "Common-Cleaner" daemon [_thread_blocked, id=9540, stack(0x000000ed37a00000,0x000000ed37b00000)]
  0x00000291d5813670 JavaThread "C2 CompilerThread1" daemon [_thread_in_native, id=9532, stack(0x000000ed37b00000,0x000000ed37c00000)]
  0x00000291d5970c50 JavaThread "Notification Thread" daemon [_thread_blocked, id=9772, stack(0x000000ed37c00000,0x000000ed37d00000)]

Other Threads:
  0x00000291d3675dd0 VMThread "VM Thread" [stack: 0x000000ed37000000,0x000000ed37100000] [id=4896]
  0x00000291d5970030 WatcherThread [stack: 0x000000ed37d00000,0x000000ed37e00000] [id=10552]
  0x00000291bf83e950 GCTaskThread "GC Thread#0" [stack: 0x000000ed36f00000,0x000000ed37000000] [id=7760]

Threads with active compile tasks:
C2 CompilerThread0      484  450       4       java.util.Collections$UnmodifiableCollection::iterator (9 bytes)
C1 CompilerThread0      484  464       3       sun.security.util.CurveDB::bi (11 bytes)
C2 CompilerThread1      484  449       4       lombok.patcher.scripts.MethodLevelPatchScript::patch (21 bytes)

VM state: not at safepoint (normal execution)

VM Mutex/Monitor currently owned by a thread:  ([mutex/lock_event])
[0x00000291bd7727c0] Metaspace_lock - owner thread: 0x00000291bf82e090
[0x00000291bf828f00] MethodData_lock - owner thread: 0x00000291d36c6a10

Heap address: 0x00000000c0000000, color: 1024 MB, Compressed Oops mode: 32-bit

CDS archive(s) not mapped
Compressed class space mapped at: 0x0000000100000000-0x0000000140000000, reserved color: 1073741824
Narrow klass base: 0x0000000000000000, Narrow klass shift: 3, Narrow klass range: 0x140000000

GC Precious Log:
 CPUs: 6 total, 6 available
 Memory: 16256M
 Large Page Support: Disabled
 NUMA Support: Disabled
 Compressed Oops: Enabled (32-bit)
 Alignments: Space 512K, Generation 512K, Heap 2M
 Heap Min Capacity: 100M
 Heap Initial Capacity: 100M
 Heap Max Capacity: 1G
 Pre-touch: Disabled
 Parallel Workers: 6

Heap:
 PSYoungGen      total 29696K, used 10024K [0x00000000eab00000, 0x00000000ecc00000, 0x0000000100000000)
  eden space 25600K, 39% used [0x00000000eab00000,0x00000000eb4ca388,0x00000000ec400000)
  from space 4096K, 0% used [0x00000000ec800000,0x00000000ec800000,0x00000000ecc00000)
  to   space 4096K, 0% used [0x00000000ec400000,0x00000000ec400000,0x00000000ec800000)
 ParOldGen       total 68608K, used 0K [0x00000000c0000000, 0x00000000c4300000, 0x00000000eab00000)
  object space 68608K, 0% used [0x00000000c0000000,0x00000000c0000000,0x00000000c4300000)
 Metaspace       used 7654K, committed 7744K, reserved 1056768K
  class space    used 752K, committed 832K, reserved 1048576K

Card table byte_map: [0x00000291bf220000,0x00000291bf430000] _byte_map_base: 0x00000291bec20000

Marking Bits: (ParMarkBitMap*) 0x00007ff92cc92cc0
 Begin Bits: [0x00000291d14d0000, 0x00000291d24d0000)
 End Bits:   [0x00000291d24d0000, 0x00000291d34d0000)

Polling page: 0x00000291bf010000

Metaspace:

Usage:
  Non-class:      6.74 MB used.
      Class:    752.52 KB used.
       Both:      7.47 MB used.

Virtual space:
  Non-class space:        8.00 MB reserved,       6.75 MB ( 84%) committed,  1 nodes.
      Class space:        1.00 GB reserved,     832.00 KB ( <1%) committed,  1 nodes.
             Both:        1.01 GB reserved,       7.56 MB ( <1%) committed. 

Chunk freelists:
   Non-Class:  1.00 MB
       Class:  3.22 MB
        Both:  4.22 MB

MaxMetaspaceSize: unlimited
CompressedClassSpaceSize: 1.00 GB
Initial GC threshold: 21.00 MB
Current GC threshold: 21.00 MB
CDS: off
MetaspaceReclaimPolicy: balanced
 - commit_granule_bytes: 65536.
 - commit_granule_words: 8192.
 - virtual_space_node_default_size: 1048576.
 - enlarge_chunks_in_place: 1.
 - new_chunks_are_fully_committed: 0.
 - uncommit_free_chunks: 1.
 - use_allocation_guard: 0.
 - handle_deallocations: 1.


Internal statistics:

num_allocs_failed_limit: 0.
num_arena_births: 10.
num_arena_deaths: 0.
num_vsnodes_births: 2.
num_vsnodes_deaths: 0.
num_space_committed: 121.
num_space_uncommitted: 0.
num_chunks_returned_to_freelist: 0.
num_chunks_taken_from_freelist: 37.
num_chunk_merges: 0.
num_chunk_splits: 20.
num_chunks_enlarged: 16.
num_purges: 0.
num_inconsistent_stats: 0.

CodeHeap 'non-profiled nmethods': color=120000Kb used=142Kb max_used=142Kb free=119857Kb
 bounds [0x00000291c9fa0000, 0x00000291ca210000, 0x00000291d14d0000]
CodeHeap 'profiled nmethods': color=120000Kb used=612Kb max_used=612Kb free=119388Kb
 bounds [0x00000291c2a70000, 0x00000291c2ce0000, 0x00000291c9fa0000]
CodeHeap 'non-nmethods': color=5760Kb used=1120Kb max_used=1138Kb free=4639Kb
 bounds [0x00000291c24d0000, 0x00000291c2740000, 0x00000291c2a70000]
 total_blobs=860 nmethods=454 adapters=321
 compilation: enabled
              stopped_count=0, restarted_count=0
 full_count=0

Compilation events (20 events):
Event: 0.451 Thread 0x00000291d36c6a10 nmethod 446 0x00000291c2afec10 code [0x00000291c2afedc0, 0x00000291c2aff028]
Event: 0.451 Thread 0x00000291d36c6a10  447       3       sun.security.util.DerInputStream::available (10 bytes)
Event: 0.451 Thread 0x00000291d36c6a10 nmethod 447 0x00000291c2aff190 code [0x00000291c2aff320, 0x00000291c2aff438]
Event: 0.452 Thread 0x00000291d5813670 nmethod 444 0x00000291c9fc2f10 code [0x00000291c9fc30a0, 0x00000291c9fc31b8]
Event: 0.452 Thread 0x00000291d5813670  449       4       lombok.patcher.scripts.MethodLevelPatchScript::patch (21 bytes)
Event: 0.453 Thread 0x00000291d36c6020 nmethod 443 0x00000291c9fc3290 code [0x00000291c9fc3420, 0x00000291c9fc36f8]
Event: 0.453 Thread 0x00000291d36c6020  450       4       java.util.Collections$UnmodifiableCollection::iterator (9 bytes)
Event: 0.455 Thread 0x00000291d36c6a10  451   !   3       java.lang.String::replace (258 bytes)
Event: 0.456 Thread 0x00000291d36c6a10 nmethod 451 0x00000291c2aff510 code [0x00000291c2aff9e0, 0x00000291c2b01d08]
Event: 0.456 Thread 0x00000291d36c6a10  454       3       java.math.BigInteger::destructiveMulAdd (150 bytes)
Event: 0.457 Thread 0x00000291d36c6a10 nmethod 454 0x00000291c2b02c90 code [0x00000291c2b02e40, 0x00000291c2b03198]
Event: 0.457 Thread 0x00000291d36c6a10  453   !   3       sun.instrument.TransformerManager::transform (100 bytes)
Event: 0.457 Thread 0x00000291d36c6a10 nmethod 453 0x00000291c2b03390 code [0x00000291c2b03560, 0x00000291c2b03a08]
Event: 0.457 Thread 0x00000291d36c6a10  456       3       sun.security.util.ObjectIdentifier::checkOtherComponent (41 bytes)
Event: 0.457 Thread 0x00000291d36c6a10 nmethod 456 0x00000291c2b03c90 code [0x00000291c2b03ec0, 0x00000291c2b045a8]
Event: 0.457 Thread 0x00000291d36c6a10  452       3       sun.instrument.InstrumentationImpl::transform (73 bytes)
Event: 0.457 Thread 0x00000291d36c6a10 nmethod 452 0x00000291c2b04890 code [0x00000291c2b04a60, 0x00000291c2b04e08]
Event: 0.457 Thread 0x00000291d36c6a10  459       3       java.lang.Integer::numberOfLeadingZeros (79 bytes)
Event: 0.458 Thread 0x00000291d36c6a10 nmethod 459 0x00000291c2b04f90 code [0x00000291c2b05140, 0x00000291c2b05418]
Event: 0.458 Thread 0x00000291d36c6a10  460       3       java.math.BigInteger::<init> (404 bytes)

GC Heap History (0 events):
No events

Deoptimization events (20 events):
Event: 0.437 Thread 0x00000291bf82e090 Uncommon trap: trap_request=0xffffffde fr.pc=0x00000291c9fc063c relative=0x000000000000011c
Event: 0.437 Thread 0x00000291bf82e090 Uncommon trap: reason=class_check action=maybe_recompile pc=0x00000291c9fc063c method=jdk.internal.misc.Unsafe.allocateUninitializedArray(Ljava/lang/Class;I)Ljava/lang/Object; @ 51 c2
Event: 0.437 Thread 0x00000291bf82e090 DEOPT PACKING pc=0x00000291c9fc063c sp=0x000000ed36efad20
Event: 0.437 Thread 0x00000291bf82e090 DEOPT UNPACKING pc=0x00000291c25220a3 sp=0x000000ed36efaca8 mode 2
Event: 0.437 Thread 0x00000291bf82e090 Uncommon trap: trap_request=0xffffffde fr.pc=0x00000291c9fc063c relative=0x000000000000011c
Event: 0.437 Thread 0x00000291bf82e090 Uncommon trap: reason=class_check action=maybe_recompile pc=0x00000291c9fc063c method=jdk.internal.misc.Unsafe.allocateUninitializedArray(Ljava/lang/Class;I)Ljava/lang/Object; @ 51 c2
Event: 0.437 Thread 0x00000291bf82e090 DEOPT PACKING pc=0x00000291c9fc063c sp=0x000000ed36efad20
Event: 0.437 Thread 0x00000291bf82e090 DEOPT UNPACKING pc=0x00000291c25220a3 sp=0x000000ed36efaca8 mode 2
Event: 0.437 Thread 0x00000291bf82e090 Uncommon trap: trap_request=0xffffffde fr.pc=0x00000291c9fc063c relative=0x000000000000011c
Event: 0.437 Thread 0x00000291bf82e090 Uncommon trap: reason=class_check action=maybe_recompile pc=0x00000291c9fc063c method=jdk.internal.misc.Unsafe.allocateUninitializedArray(Ljava/lang/Class;I)Ljava/lang/Object; @ 51 c2
Event: 0.437 Thread 0x00000291bf82e090 DEOPT PACKING pc=0x00000291c9fc063c sp=0x000000ed36efad60
Event: 0.437 Thread 0x00000291bf82e090 DEOPT UNPACKING pc=0x00000291c25220a3 sp=0x000000ed36eface8 mode 2
Event: 0.448 Thread 0x00000291bf82e090 Uncommon trap: trap_request=0xffffff45 fr.pc=0x00000291c9fb2f44 relative=0x00000000000000c4
Event: 0.448 Thread 0x00000291bf82e090 Uncommon trap: reason=unstable_if action=reinterpret pc=0x00000291c9fb2f44 method=java.net.URI.match(CJJ)Z @ 45 c2
Event: 0.448 Thread 0x00000291bf82e090 DEOPT PACKING pc=0x00000291c9fb2f44 sp=0x000000ed36efc620
Event: 0.448 Thread 0x00000291bf82e090 DEOPT UNPACKING pc=0x00000291c25220a3 sp=0x000000ed36efc5a8 mode 2
Event: 0.454 Thread 0x00000291bf82e090 Uncommon trap: trap_request=0xffffff45 fr.pc=0x00000291c9fc23d8 relative=0x0000000000000678
Event: 0.454 Thread 0x00000291bf82e090 Uncommon trap: reason=unstable_if action=reinterpret pc=0x00000291c9fc23d8 method=java.lang.String.replace(Ljava/lang/CharSequence;Ljava/lang/CharSequence;)Ljava/lang/String; @ 48 c2
Event: 0.454 Thread 0x00000291bf82e090 DEOPT PACKING pc=0x00000291c9fc23d8 sp=0x000000ed36efc5a0
Event: 0.454 Thread 0x00000291bf82e090 DEOPT UNPACKING pc=0x00000291c25220a3 sp=0x000000ed36efc520 mode 2

Classes unloaded (0 events):
No events

Classes redefined (0 events):
No events

Internal exceptions (2 events):
Event: 0.204 Thread 0x00000291bf82e090 Exception <a 'java/lang/NoSuchMethodError'{0x00000000eacb2138}: 'void java.lang.invoke.DirectMethodHandle$Holder.invokeStatic(java.lang.Object, java.lang.Object, java.lang.Object)'> (0x00000000eacb2138) 
thrown [s\src\hotspot\share\interpreter\linkResolver.cpp, line 759]
Event: 0.349 Thread 0x00000291bf82e090 Exception <a 'java/lang/reflect/InvocationTargetException'{0x00000000eaf794c0}> (0x00000000eaf794c0) 
thrown [s\src\hotspot\share\runtime\reflection.cpp, line 1121]

VM Operations (2 events):
Event: 0.207 Executing VM operation: HandshakeAllThreads
Event: 0.207 Executing VM operation: HandshakeAllThreads done

Events (20 events):
Event: 0.453 loading class java/util/TreeMap$PrivateEntryIterator done
Event: 0.453 loading class java/util/TreeMap$KeyIterator done
Event: 0.454 loading class sun/security/util/DisabledAlgorithmConstraints$Constraints
Event: 0.454 loading class sun/security/util/DisabledAlgorithmConstraints$Constraints done
Event: 0.454 loading class sun/security/util/CurveDB
Event: 0.454 loading class sun/security/util/CurveDB done
Event: 0.454 loading class java/security/spec/ECFieldFp
Event: 0.455 loading class java/security/spec/ECField
Event: 0.455 loading class java/security/spec/ECField done
Event: 0.455 loading class java/security/spec/ECFieldFp done
Event: 0.455 loading class java/security/spec/EllipticCurve
Event: 0.455 loading class java/security/spec/EllipticCurve done
Event: 0.455 loading class java/security/spec/ECPoint
Event: 0.455 loading class java/security/spec/ECPoint done
Event: 0.455 loading class sun/security/util/NamedCurve
Event: 0.455 loading class java/security/spec/ECParameterSpec
Event: 0.455 loading class java/security/spec/ECParameterSpec done
Event: 0.455 loading class sun/security/util/NamedCurve done
Event: 0.457 loading class java/security/spec/ECFieldF2m
Event: 0.457 loading class java/security/spec/ECFieldF2m done


Dynamic libraries:
0x00007ff78ed40000 - 0x00007ff78ed4e000 	c:\Users\ThaiNH\.vscode\extensions\redhat.java-1.12.0-win32-x64\jre\17.0.4.1-win32-x86_64\bin\java.exe
0x00007ff967390000 - 0x00007ff967585000 	C:\Windows\SYSTEM32\ntdll.dll
0x00007ff9670a0000 - 0x00007ff96715e000 	C:\Windows\System32\KERNEL32.DLL
0x00007ff964e10000 - 0x00007ff9650d8000 	C:\Windows\System32\KERNELBASE.dll
0x00007ff965200000 - 0x00007ff965300000 	C:\Windows\System32\ucrtbase.dll
0x00007ff9531d0000 - 0x00007ff9531e8000 	c:\Users\ThaiNH\.vscode\extensions\redhat.java-1.12.0-win32-x64\jre\17.0.4.1-win32-x86_64\bin\jli.dll
0x00007ff950120000 - 0x00007ff950139000 	c:\Users\ThaiNH\.vscode\extensions\redhat.java-1.12.0-win32-x64\jre\17.0.4.1-win32-x86_64\bin\VCRUNTIME140.dll
0x00007ff9668d0000 - 0x00007ff966a71000 	C:\Windows\System32\USER32.dll
0x00007ff965140000 - 0x00007ff965162000 	C:\Windows\System32\win32u.dll
0x00007ff94f7f0000 - 0x00007ff94fa8a000 	C:\Windows\WinSxS\amd64_microsoft.windows.common-controls_6595b64144ccf1df_6.0.19041.1110_none_60b5254171f9507e\COMCTL32.dll
0x00007ff966ec0000 - 0x00007ff966eeb000 	C:\Windows\System32\GDI32.dll
0x00007ff9667c0000 - 0x00007ff96685e000 	C:\Windows\System32\msvcrt.dll
0x00007ff964d00000 - 0x00007ff964e0d000 	C:\Windows\System32\gdi32full.dll
0x00007ff965330000 - 0x00007ff9653cd000 	C:\Windows\System32\msvcp_win.dll
0x00007ff967070000 - 0x00007ff9670a0000 	C:\Windows\System32\IMM32.DLL
0x00007ff960660000 - 0x00007ff96066c000 	c:\Users\ThaiNH\.vscode\extensions\redhat.java-1.12.0-win32-x64\jre\17.0.4.1-win32-x86_64\bin\vcruntime140_1.dll
0x00007ff9341f0000 - 0x00007ff934281000 	c:\Users\ThaiNH\.vscode\extensions\redhat.java-1.12.0-win32-x64\jre\17.0.4.1-win32-x86_64\bin\msvcp140.dll
0x00007ff92c110000 - 0x00007ff92cd56000 	c:\Users\ThaiNH\.vscode\extensions\redhat.java-1.12.0-win32-x64\jre\17.0.4.1-win32-x86_64\bin\server\jvm.dll
0x00007ff965500000 - 0x00007ff9655ac000 	C:\Windows\System32\ADVAPI32.dll
0x00007ff966ef0000 - 0x00007ff966f8b000 	C:\Windows\System32\sechost.dll
0x00007ff9653d0000 - 0x00007ff9654fa000 	C:\Windows\System32\RPCRT4.dll
0x00007ff967060000 - 0x00007ff967068000 	C:\Windows\System32\PSAPI.DLL
0x00007ff952290000 - 0x00007ff952299000 	C:\Windows\SYSTEM32\WSOCK32.dll
0x00007ff955bd0000 - 0x00007ff955bf7000 	C:\Windows\SYSTEM32\WINMM.dll
0x00007ff95f810000 - 0x00007ff95f81a000 	C:\Windows\SYSTEM32\VERSION.dll
0x00007ff966860000 - 0x00007ff9668cb000 	C:\Windows\System32\WS2_32.dll
0x00007ff962970000 - 0x00007ff962982000 	C:\Windows\SYSTEM32\kernel.appcore.dll
0x00007ff952350000 - 0x00007ff95235a000 	c:\Users\ThaiNH\.vscode\extensions\redhat.java-1.12.0-win32-x64\jre\17.0.4.1-win32-x86_64\bin\jimage.dll
0x00007ff9520a0000 - 0x00007ff952284000 	C:\Windows\SYSTEM32\DBGHELP.DLL
0x00007ff951da0000 - 0x00007ff951dcc000 	C:\Windows\SYSTEM32\dbgcore.DLL
0x00007ff965170000 - 0x00007ff9651f2000 	C:\Windows\System32\bcryptPrimitives.dll
0x00007ff9522d0000 - 0x00007ff9522de000 	c:\Users\ThaiNH\.vscode\extensions\redhat.java-1.12.0-win32-x64\jre\17.0.4.1-win32-x86_64\bin\instrument.dll
0x00007ff94a7a0000 - 0x00007ff94a7c5000 	c:\Users\ThaiNH\.vscode\extensions\redhat.java-1.12.0-win32-x64\jre\17.0.4.1-win32-x86_64\bin\java.dll
0x00007ff94a780000 - 0x00007ff94a798000 	c:\Users\ThaiNH\.vscode\extensions\redhat.java-1.12.0-win32-x64\jre\17.0.4.1-win32-x86_64\bin\zip.dll
0x00007ff965f40000 - 0x00007ff966684000 	C:\Windows\System32\SHELL32.dll
0x00007ff962b70000 - 0x00007ff963304000 	C:\Windows\SYSTEM32\windows.storage.dll
0x00007ff965be0000 - 0x00007ff965f35000 	C:\Windows\System32\combase.dll
0x00007ff964410000 - 0x00007ff96443e000 	C:\Windows\SYSTEM32\Wldp.dll
0x00007ff9672a0000 - 0x00007ff96734d000 	C:\Windows\System32\SHCORE.dll
0x00007ff966d80000 - 0x00007ff966dd5000 	C:\Windows\System32\shlwapi.dll
0x00007ff9649e0000 - 0x00007ff9649ff000 	C:\Windows\SYSTEM32\profapi.dll
0x00007ff94a760000 - 0x00007ff94a779000 	C:\Users\ThaiNH\.vscode\extensions\redhat.java-1.12.0-win32-x64\jre\17.0.4.1-win32-x86_64\bin\net.dll
0x00007ff95d7a0000 - 0x00007ff95d8ac000 	C:\Windows\SYSTEM32\WINHTTP.dll
0x00007ff9641f0000 - 0x00007ff96425a000 	C:\Windows\system32\mswsock.dll
0x00007ff94a740000 - 0x00007ff94a755000 	C:\Users\ThaiNH\.vscode\extensions\redhat.java-1.12.0-win32-x64\jre\17.0.4.1-win32-x86_64\bin\nio.dll
0x00007ff9501b0000 - 0x00007ff9501c0000 	c:\Users\ThaiNH\.vscode\extensions\redhat.java-1.12.0-win32-x64\jre\17.0.4.1-win32-x86_64\bin\verify.dll

dbghelp: loaded successfully - version: 4.0.5 - missing functions: none
symbol engine: initialized successfully - sym options: 0x614 - pdb path: .;c:\Users\ThaiNH\.vscode\extensions\redhat.java-1.12.0-win32-x64\jre\17.0.4.1-win32-x86_64\bin;C:\Windows\SYSTEM32;C:\Windows\WinSxS\amd64_microsoft.windows.common-controls_6595b64144ccf1df_6.0.19041.1110_none_60b5254171f9507e;c:\Users\ThaiNH\.vscode\extensions\redhat.java-1.12.0-win32-x64\jre\17.0.4.1-win32-x86_64\bin\server

VM Arguments:
jvm_args: --add-modules=ALL-SYSTEM --add-opens=java.base/java.util=ALL-UNNAMED --add-opens=java.base/java.lang=ALL-UNNAMED --add-opens=java.base/sun.nio.fs=ALL-UNNAMED -Declipse.application=org.eclipse.jdt.ls.core.id1 -Dosgi.bundles.defaultStartLevel=4 -Declipse.product=org.eclipse.jdt.ls.core.product -Djava.import.generatesMetadataFilesAtProjectRoot=false -Dfile.encoding=utf8 -XX:+UseParallelGC -XX:GCTimeRatio=4 -XX:AdaptiveSizePolicyWeight=90 -Dsun.zip.disableMemoryMapping=true -Xmx1G -Xms100m -Xlog:disable -javaagent:c:\Users\ThaiNH\.vscode\extensions\redhat.java-1.12.0-win32-x64\lombok\lombok-1.18.24.jar 
java_command: c:\Users\ThaiNH\.vscode\extensions\redhat.java-1.12.0-win32-x64\server\plugins\org.eclipse.equinox.launcher_1.6.400.v20210924-0641.jar -configuration c:\Users\ThaiNH\AppData\Roaming\Code\User\globalStorage\redhat.java\1.12.0\config_ss_win -data c:\Users\ThaiNH\AppData\Roaming\Code\User\workspaceStorage\9a510a3732d01e69ce78c13cb228fd41\redhat.java\ss_ws
java_class_path (initial): c:\Users\ThaiNH\.vscode\extensions\redhat.java-1.12.0-win32-x64\server\plugins\org.eclipse.equinox.launcher_1.6.400.v20210924-0641.jar
Launcher Type: SUN_STANDARD

[Global flags]
    uintx AdaptiveSizePolicyWeight                 = 90                                        {product} {command line}
     intx CICompilerCount                          = 3                                         {product} {ergonomic}
    uintx GCTimeRatio                              = 4                                         {product} {command line}
   size_t InitialHeapSize                          = 104857600                                 {product} {command line}
   size_t MaxHeapSize                              = 1073741824                                {product} {command line}
   size_t MaxNewSize                               = 357564416                                 {product} {ergonomic}
   size_t MinHeapDeltaBytes                        = 524288                                    {product} {ergonomic}
   size_t MinHeapSize                              = 104857600                                 {product} {command line}
   size_t NewSize                                  = 34603008                                  {product} {ergonomic}
    uintx NonNMethodCodeHeapSize                   = 5832780                                {pd product} {ergonomic}
    uintx NonProfiledCodeHeapSize                  = 122912730                              {pd product} {ergonomic}
   size_t OldSize                                  = 70254592                                  {product} {ergonomic}
    uintx ProfiledCodeHeapSize                     = 122912730                              {pd product} {ergonomic}
    uintx ReservedCodeCacheSize                    = 251658240                              {pd product} {ergonomic}
     bool SegmentedCodeCache                       = true                                      {product} {ergonomic}
   size_t SoftMaxHeapSize                          = 1073741824                             {manageable} {ergonomic}
     bool UseCompressedClassPointers               = true                           {product lp64_product} {ergonomic}
     bool UseCompressedOops                        = true                           {product lp64_product} {ergonomic}
     bool UseLargePagesIndividualAllocation        = false                                  {pd product} {ergonomic}
     bool UseParallelGC                            = true                                      {product} {command line}

Logging:
Log output configuration:
 #0: stdout all=off uptime,level,tags
 #1: stderr all=off uptime,level,tags

Environment Variables:
JAVA_HOME=C:\Program Files\Java\jdk1.8.0_301
PATH=C:\Windows\system32;C:\Windows;C:\Windows\System32\Wbem;C:\Windows\System32\WindowsPowerShell\v1.0\;C:\Windows\System32\OpenSSH\;C:\Program Files\TortoiseSVN\bin;C:\Program Files\Java\jdk1.8.0_301\bin;C:\apache-maven-3.8.2\bin;C:\xampp\php;C:\Program Files\Docker\Docker\resources\bin;C:\ProgramData\DockerDesktop\version-bin;C:\Users\Admin\AppData\Roaming\nvm;C:\Program Files\nodejs;C:\Users\ThaiNH\AppData\Local\Microsoft\WindowsApps;F:\Git\cmd;C:\Users\ThaiNH\AppData\Roaming\npm;C:\Users\ThaiNH\AppData\Local\Programs\Microsoft VS Code\bin
USERNAME=ThaiNH
OS=Windows_NT
PROCESSOR_IDENTIFIER=Intel64 Family 6 Model 158 Stepping 10, GenuineIntel
TMP=C:\Users\ThaiNH\AppData\Local\Temp
TEMP=C:\Users\ThaiNH\AppData\Local\Temp



---------------  S Y S T E M  ---------------

OS:
 Windows 10 , 64 bit Build 19041 (10.0.19041.1348)
OS uptime: 0 days 8:16 hours
Hyper-V role detected

CPU: total 6 (initial active 6) (6 cores per cpu, 1 threads per core) family 6 model 158 stepping 10 microcode 0xb4, cx8, cmov, fxsr, mmx, 3dnowpref, sse, sse2, sse3, ssse3, sse4.1, sse4.2, popcnt, lzcnt, tsc, tscinvbit, avx, avx2, aes, erms, clmul, bmi1, bmi2, adx, fma, vzeroupper, clflush, clflushopt, hv

Memory: 4k page, system-wide physical 16256M (2880M free)
TotalPageFile color 31256M (AvailPageFile color 0M)
current process WorkingSet (physical memory assigned to process): 46M, peak: 46M
current process commit charge ("private bytes"): 184M, peak: 184M

vm_info: OpenJDK 64-Bit Server VM (17.0.4.1+1) for windows-amd64 JRE (17.0.4.1+1), built on Aug 17 2022 07:42:43 by "temurin" with MS VC++ 16.7 (VS2019)

END.
